<?xml version="1.0" encoding="UTF-8"?>
<!-- Generated by org.testng.reporters.JUnitReportReporter -->
<testsuite hostname="LAPTOP-5KMFOFH9" failures="0" tests="2" name="com.SwagLab.Tests.LoginPageTest" time="0.439" errors="0" timestamp="2022-12-18T09:14:00 IST" skipped="0">
  <testcase classname="com.SwagLab.Tests.LoginPageTest" name="verifyTitle" time="0.020"/>
  <system-out/>
  <testcase classname="com.SwagLab.Tests.LoginPageTest" name="loginTest" time="0.419"/>
  <system-out/>
</testsuite> <!-- com.SwagLab.Tests.LoginPageTest -->
