<?xml version="1.0" encoding="UTF-8"?>
<!-- Generated by org.testng.reporters.JUnitReportReporter -->
<testsuite hostname="LAPTOP-5KMFOFH9" failures="0" tests="1" name="com.SwagLab.Tests.GeneralTest" time="4.427" errors="0" timestamp="2022-12-18T08:56:45 IST" skipped="0">
  <testcase classname="com.SwagLab.Tests.GeneralTest" name="swaglogin" time="4.427"/>
  <system-out/>
</testsuite> <!-- com.SwagLab.Tests.GeneralTest -->
