<?xml version="1.0" encoding="UTF-8"?>
<!-- Generated by org.testng.reporters.JUnitReportReporter -->
<testsuite hostname="LAPTOP-5KMFOFH9" failures="0" tests="1" name="com.SwagLab.Tests.CheckOutPageTest" time="0.435" errors="0" timestamp="2023-01-07T08:24:17 IST" skipped="0">
  <testcase classname="com.SwagLab.Tests.CheckOutPageTest" name="testCheckout" time="0.435"/>
  <system-out/>
</testsuite> <!-- com.SwagLab.Tests.CheckOutPageTest -->
