<?xml version="1.0" encoding="UTF-8"?>
<!-- Generated by org.testng.reporters.JUnitReportReporter -->
<testsuite hostname="LAPTOP-5KMFOFH9" failures="0" tests="4" name="com.SwagLab.Tests.ProductPageTest" time="0.412" errors="0" timestamp="2022-12-18T09:41:34 IST" skipped="0">
  <testcase classname="com.SwagLab.Tests.ProductPageTest" name="verifyProductCount" time="0.028"/>
  <system-out/>
  <testcase classname="com.SwagLab.Tests.ProductPageTest" name="verifyLables" time="0.094"/>
  <system-out/>
  <testcase classname="com.SwagLab.Tests.ProductPageTest" name="verifyFilterOptions" time="0.092"/>
  <system-out/>
  <testcase classname="com.SwagLab.Tests.ProductPageTest" name="addProduct" time="0.198"/>
  <system-out/>
</testsuite> <!-- com.SwagLab.Tests.ProductPageTest -->
