<?xml version="1.0" encoding="UTF-8"?>
<!-- Generated by org.testng.reporters.JUnitReportReporter -->
<testsuite hostname="LAPTOP-5KMFOFH9" failures="0" tests="1" name="com.SwagLab.Tests.ExtentReportDemo" time="3.713" errors="0" timestamp="2023-01-07T09:43:52 IST" skipped="0">
  <testcase classname="com.SwagLab.Tests.ExtentReportDemo" name="GoogleTest" time="3.713"/>
  <system-out/>
</testsuite> <!-- com.SwagLab.Tests.ExtentReportDemo -->
