<?xml version="1.0" encoding="UTF-8"?>
<!-- Generated by org.testng.reporters.JUnitReportReporter -->
<testsuite hostname="LAPTOP-5KMFOFH9" failures="0" tests="2" name="com.SwagLab.Tests.CartPageTest" time="0.102" errors="0" timestamp="2023-01-07T08:10:47 IST" skipped="1">
  <testcase classname="com.SwagLab.Tests.CartPageTest" name="verifyCheckOut" time="0.102"/>
  <system-out/>
  <testcase classname="com.SwagLab.Tests.CartPageTest" name="verifyRemoveFeature">
    <skipped/>
  </testcase> <!-- verifyRemoveFeature -->
  <system-out/>
</testsuite> <!-- com.SwagLab.Tests.CartPageTest -->
