<?xml version="1.0" encoding="UTF-8"?>
<!-- Generated by org.testng.reporters.JUnitReportReporter -->
<testsuite hostname="LAPTOP-5KMFOFH9" failures="0" tests="1" name="com.SwagLab.Tests.OrderDescriptionTest" time="0.114" errors="0" timestamp="2023-01-21T09:14:14 IST" skipped="0">
  <testcase classname="com.SwagLab.Tests.OrderDescriptionTest" name="testOrderDescription" time="0.114"/>
  <system-out/>
</testsuite> <!-- com.SwagLab.Tests.OrderDescriptionTest -->
